0 info it worked if it ends with ok
1 verbose cli [ '/usr/bin/node', '/usr/bin/npm', 'install', '-g', 'gulp-notify' ]
2 info using npm@1.4.28
3 info using node@v0.10.37
4 verbose node symlink /usr/bin/node
5 verbose cache add [ 'gulp-notify', null ]
6 verbose cache add name=undefined spec="gulp-notify" args=["gulp-notify",null]
7 verbose parsed url { protocol: null,
7 verbose parsed url   slashes: null,
7 verbose parsed url   auth: null,
7 verbose parsed url   host: null,
7 verbose parsed url   port: null,
7 verbose parsed url   hostname: null,
7 verbose parsed url   hash: null,
7 verbose parsed url   search: null,
7 verbose parsed url   query: null,
7 verbose parsed url   pathname: 'gulp-notify',
7 verbose parsed url   path: 'gulp-notify',
7 verbose parsed url   href: 'gulp-notify' }
8 silly lockFile 6a726d29-gulp-notify gulp-notify
9 verbose lock gulp-notify /home/vagrant/.npm/6a726d29-gulp-notify.lock
10 silly lockFile 6a726d29-gulp-notify gulp-notify
11 silly lockFile 6a726d29-gulp-notify gulp-notify
12 verbose addNamed [ 'gulp-notify', '' ]
13 verbose addNamed [ null, '*' ]
14 silly lockFile 6b689132-gulp-notify gulp-notify@
15 verbose lock gulp-notify@ /home/vagrant/.npm/6b689132-gulp-notify.lock
16 silly addNameRange { name: 'gulp-notify', range: '*', hasData: false }
17 verbose request where is /gulp-notify
18 verbose request registry https://registry.npmjs.org/
19 verbose request id 1d652aee1ba2b085
20 verbose url raw /gulp-notify
21 verbose url resolving [ 'https://registry.npmjs.org/', './gulp-notify' ]
22 verbose url resolved https://registry.npmjs.org/gulp-notify
23 verbose request where is https://registry.npmjs.org/gulp-notify
24 info trying registry request attempt 1 at 11:11:08
25 verbose etag "DDYOYGE512523EJVHXKP1P59Q"
26 http GET https://registry.npmjs.org/gulp-notify
27 http 304 https://registry.npmjs.org/gulp-notify
28 silly registry.get cb [ 304,
28 silly registry.get   { date: 'Sat, 11 Jul 2015 11:18:34 GMT',
28 silly registry.get     via: '1.1 varnish',
28 silly registry.get     'cache-control': 'max-age=60',
28 silly registry.get     etag: '"DDYOYGE512523EJVHXKP1P59Q"',
28 silly registry.get     age: '19',
28 silly registry.get     connection: 'keep-alive',
28 silly registry.get     'x-served-by': 'cache-lhr6334-LHR',
28 silly registry.get     'x-cache': 'HIT',
28 silly registry.get     'x-cache-hits': '1',
28 silly registry.get     'x-timer': 'S1436613514.387499,VS0,VE2',
28 silly registry.get     vary: 'Accept' } ]
29 verbose etag https://registry.npmjs.org/gulp-notify from cache
30 silly addNameRange number 2 { name: 'gulp-notify', range: '*', hasData: true }
31 silly addNameRange versions [ 'gulp-notify',
31 silly addNameRange   [ '0.0.5',
31 silly addNameRange     '0.0.6',
31 silly addNameRange     '0.0.7',
31 silly addNameRange     '0.0.8',
31 silly addNameRange     '0.1.0',
31 silly addNameRange     '0.2.0',
31 silly addNameRange     '0.3.0',
31 silly addNameRange     '0.3.2',
31 silly addNameRange     '0.3.3',
31 silly addNameRange     '0.3.4',
31 silly addNameRange     '0.3.4-1',
31 silly addNameRange     '0.3.4-2',
31 silly addNameRange     '0.3.5-0',
31 silly addNameRange     '0.4.0',
31 silly addNameRange     '0.4.1',
31 silly addNameRange     '0.4.2',
31 silly addNameRange     '0.4.3',
31 silly addNameRange     '0.4.5',
31 silly addNameRange     '0.4.6',
31 silly addNameRange     '0.5.0',
31 silly addNameRange     '0.5.1',
31 silly addNameRange     '0.6.0',
31 silly addNameRange     '0.6.1',
31 silly addNameRange     '0.6.2',
31 silly addNameRange     '1.0.0-beta',
31 silly addNameRange     '1.1.0',
31 silly addNameRange     '1.1.1',
31 silly addNameRange     '1.2.0',
31 silly addNameRange     '1.2.1',
31 silly addNameRange     '1.2.2',
31 silly addNameRange     '1.2.4',
31 silly addNameRange     '1.2.5',
31 silly addNameRange     '1.2.6',
31 silly addNameRange     '1.3.0',
31 silly addNameRange     '1.3.1',
31 silly addNameRange     '1.4.0',
31 silly addNameRange     '1.4.1',
31 silly addNameRange     '1.4.2',
31 silly addNameRange     '1.5.0',
31 silly addNameRange     '1.5.1',
31 silly addNameRange     '1.6.0',
31 silly addNameRange     '1.7.0',
31 silly addNameRange     '1.7.1',
31 silly addNameRange     '1.8.0',
31 silly addNameRange     '2.0.0',
31 silly addNameRange     '2.0.1',
31 silly addNameRange     '2.1.0',
31 silly addNameRange     '2.2.0' ] ]
32 verbose addNamed [ 'gulp-notify', '2.2.0' ]
33 verbose addNamed [ '2.2.0', '2.2.0' ]
34 silly lockFile 7dcdb195-gulp-notify-2-2-0 gulp-notify@2.2.0
35 verbose lock gulp-notify@2.2.0 /home/vagrant/.npm/7dcdb195-gulp-notify-2-2-0.lock
36 silly lockFile 568d90be-ulp-notify-gulp-notify-2-2-0-tgz https://registry.npmjs.org/gulp-notify/-/gulp-notify-2.2.0.tgz
37 verbose lock https://registry.npmjs.org/gulp-notify/-/gulp-notify-2.2.0.tgz /home/vagrant/.npm/568d90be-ulp-notify-gulp-notify-2-2-0-tgz.lock
38 verbose addRemoteTarball [ 'https://registry.npmjs.org/gulp-notify/-/gulp-notify-2.2.0.tgz',
38 verbose addRemoteTarball   '046c8285c292e97eed4e15a009c26cbbe5cef135' ]
39 info retry fetch attempt 1 at 11:11:09
40 verbose fetch to= /tmp/npm-3096-V2hyMYVj/registry.npmjs.org/gulp-notify/-/gulp-notify-2.2.0.tgz
41 http GET https://registry.npmjs.org/gulp-notify/-/gulp-notify-2.2.0.tgz
42 http 200 https://registry.npmjs.org/gulp-notify/-/gulp-notify-2.2.0.tgz
43 silly lockFile 568d90be-ulp-notify-gulp-notify-2-2-0-tgz https://registry.npmjs.org/gulp-notify/-/gulp-notify-2.2.0.tgz
44 silly lockFile 568d90be-ulp-notify-gulp-notify-2-2-0-tgz https://registry.npmjs.org/gulp-notify/-/gulp-notify-2.2.0.tgz
45 silly lockFile 7dcdb195-gulp-notify-2-2-0 gulp-notify@2.2.0
46 silly lockFile 7dcdb195-gulp-notify-2-2-0 gulp-notify@2.2.0
47 silly lockFile 6b689132-gulp-notify gulp-notify@
48 silly lockFile 6b689132-gulp-notify gulp-notify@
49 silly resolved [ { name: 'gulp-notify',
49 silly resolved     version: '2.2.0',
49 silly resolved     description: 'gulp plugin to send messages based on Vinyl Files or Errors to Mac OS X, Linux or Windows using the node-notifier module. Fallbacks to Growl or simply logging',
49 silly resolved     keywords:
49 silly resolved      [ 'gulpplugin',
49 silly resolved        'notify',
49 silly resolved        'gulp',
49 silly resolved        'notification',
49 silly resolved        'reporter',
49 silly resolved        'windows notification',
49 silly resolved        'mac notification',
49 silly resolved        'notify-send',
49 silly resolved        'notify-osd',
49 silly resolved        'growl' ],
49 silly resolved     homepage: 'https://github.com/mikaelbr/gulp-notify',
49 silly resolved     bugs: { url: 'https://github.com/mikaelbr/gulp-notify/issues' },
49 silly resolved     author:
49 silly resolved      { name: 'Mikael Brevik',
49 silly resolved        email: 'mikaelbre@gmail.com',
49 silly resolved        url: 'https://github.com/mikaelbr' },
49 silly resolved     main: './index.js',
49 silly resolved     repository:
49 silly resolved      { type: 'git',
49 silly resolved        url: 'git://github.com/mikaelbr/gulp-notify.git' },
49 silly resolved     scripts: { test: 'mocha -R spec' },
49 silly resolved     dependencies:
49 silly resolved      { 'gulp-util': '^3.0.2',
49 silly resolved        'lodash.template': '^3.0.0',
49 silly resolved        'node-notifier': '^4.1.0',
49 silly resolved        'node.extend': '^1.1.3',
49 silly resolved        through2: '^0.6.3' },
49 silly resolved     devDependencies:
49 silly resolved      { gulp: '^3.8.10',
49 silly resolved        'gulp-plumber': '^0.6.6',
49 silly resolved        mocha: '^2.1.0',
49 silly resolved        should: '^4.6.1' },
49 silly resolved     engines: { node: '>=0.8.0', npm: '>=1.2.10' },
49 silly resolved     licenses: [ [Object] ],
49 silly resolved     gitHead: '5b44fcfa33d9b58740be3f32bdcdc7385a287768',
49 silly resolved     _id: 'gulp-notify@2.2.0',
49 silly resolved     _shasum: '046c8285c292e97eed4e15a009c26cbbe5cef135',
49 silly resolved     _from: 'gulp-notify@',
49 silly resolved     _npmVersion: '2.1.2',
49 silly resolved     _nodeVersion: '0.10.21',
49 silly resolved     _npmUser: { name: 'mikaelb', email: 'mikaelbre@gmail.com' },
49 silly resolved     maintainers: [ [Object] ],
49 silly resolved     dist:
49 silly resolved      { shasum: '046c8285c292e97eed4e15a009c26cbbe5cef135',
49 silly resolved        tarball: 'http://registry.npmjs.org/gulp-notify/-/gulp-notify-2.2.0.tgz' },
49 silly resolved     directories: {},
49 silly resolved     _resolved: 'https://registry.npmjs.org/gulp-notify/-/gulp-notify-2.2.0.tgz' } ]
50 info install gulp-notify@2.2.0 into /usr/lib
51 info installOne gulp-notify@2.2.0
52 verbose lib/node_modules/gulp-notify unbuild
53 verbose tar unpack /home/vagrant/.npm/gulp-notify/2.2.0/package.tgz
54 silly lockFile 16f9b7e2-usr-lib-node-modules-gulp-notify tar:///usr/lib/node_modules/gulp-notify
55 verbose lock tar:///usr/lib/node_modules/gulp-notify /home/vagrant/.npm/16f9b7e2-usr-lib-node-modules-gulp-notify.lock
56 silly lockFile 8d4429f5-pm-gulp-notify-2-2-0-package-tgz tar:///home/vagrant/.npm/gulp-notify/2.2.0/package.tgz
57 verbose lock tar:///home/vagrant/.npm/gulp-notify/2.2.0/package.tgz /home/vagrant/.npm/8d4429f5-pm-gulp-notify-2-2-0-package-tgz.lock
58 silly gunzTarPerm modes [ '775', '664' ]
59 error Error: EACCES, mkdir '/usr/lib/node_modules/gulp-notify'
59 error  { [Error: EACCES, mkdir '/usr/lib/node_modules/gulp-notify']
59 error   errno: 3,
59 error   code: 'EACCES',
59 error   path: '/usr/lib/node_modules/gulp-notify',
59 error   fstream_type: 'Directory',
59 error   fstream_path: '/usr/lib/node_modules/gulp-notify',
59 error   fstream_class: 'DirWriter',
59 error   fstream_stack:
59 error    [ '/usr/lib/node_modules/npm/node_modules/fstream/lib/dir-writer.js:36:23',
59 error      '/usr/lib/node_modules/npm/node_modules/mkdirp/index.js:46:53',
59 error      'Object.oncomplete (fs.js:108:15)' ] }
60 error Please try running this command again as root/Administrator.
61 error System Linux 3.13.0-24-generic
62 error command "/usr/bin/node" "/usr/bin/npm" "install" "-g" "gulp-notify"
63 error cwd /home/vagrant/Code/dmca_app
64 error node -v v0.10.37
65 error npm -v 1.4.28
66 error path /usr/lib/node_modules/gulp-notify
67 error fstream_path /usr/lib/node_modules/gulp-notify
68 error fstream_type Directory
69 error fstream_class DirWriter
70 error code EACCES
71 error errno 3
72 error stack Error: EACCES, mkdir '/usr/lib/node_modules/gulp-notify'
73 error fstream_stack /usr/lib/node_modules/npm/node_modules/fstream/lib/dir-writer.js:36:23
73 error fstream_stack /usr/lib/node_modules/npm/node_modules/mkdirp/index.js:46:53
73 error fstream_stack Object.oncomplete (fs.js:108:15)
74 verbose exit [ 3, true ]
